<?xml version="1.0" encoding="UTF-8"?>
<!-- Generated by org.testng.reporters.JUnitReportReporter -->
<testsuite hostname="LAPTOP-IR2R7PQ0" failures="0" tests="5" name="UGitHub.attributes" time="4.025" errors="0" timestamp="2023-04-11T16:31:26 IST" skipped="1">
  <testcase classname="UGitHub.attributes" name="myntra" time="4.010"/>
  <system-out/>
  <testcase classname="UGitHub.attributes" name="bbinstant" time="0.011"/>
  <system-out/>
  <testcase classname="UGitHub.attributes" name="amazon" time="0.003"/>
  <system-out/>
  <testcase classname="UGitHub.attributes" name="flipkart" time="0.001"/>
  <system-out/>
  <testcase classname="UGitHub.attributes" name="swiggy">
    <skipped/>
  </testcase> <!-- swiggy -->
  <system-out/>
</testsuite> <!-- UGitHub.attributes -->
